<?xml version="1.0" encoding="UTF-8" standalone="yes"?><!DOCTYPE report PUBLIC "-//JACOCO//DTD Report 1.0//EN" "report.dtd"><report name="org.jacoco"><sessioninfo id="Asus-ПК-f742cb7a" start="1510837428855" dump="1510837433591"/><sessioninfo id="Asus-ПК-f5337745" start="1510837661711" dump="1510837664572"/><package name=""><class name="Lab3_main"><method name="&lt;init&gt;" desc="(Ljava/lang/String;Ljava/lang/String;Ljava/lang/String;)V" line="11"><counter type="INSTRUCTION" missed="0" covered="10"/><counter type="LINE" missed="0" covered="3"/><counter type="COMPLEXITY" missed="0" covered="1"/><counter type="METHOD" missed="0" covered="1"/></method><method name="addPerson" desc="(Ljava/lang/String;IILjava/lang/String;[Ljava/lang/String;)V" line="17"><counter type="INSTRUCTION" missed="137" covered="0"/><counter type="BRANCH" missed="16" covered="0"/><counter type="LINE" missed="10" covered="0"/><counter type="COMPLEXITY" missed="9" covered="0"/><counter type="METHOD" missed="1" covered="0"/></method><method name="addFriendRelation" desc="(II)V" line="39"><counter type="INSTRUCTION" missed="113" covered="0"/><counter type="BRANCH" missed="16" covered="0"/><counter type="LINE" missed="10" covered="0"/><counter type="COMPLEXITY" missed="9" covered="0"/><counter type="METHOD" missed="1" covered="0"/></method><method name="addGroupRelation" desc="(II)V" line="57"><counter type="INSTRUCTION" missed="113" covered="0"/><counter type="BRANCH" missed="16" covered="0"/><counter type="LINE" missed="10" covered="0"/><counter type="COMPLEXITY" missed="9" covered="0"/><counter type="METHOD" missed="1" covered="0"/></method><method name="addGroup" desc="(Ljava/lang/String;I)V" line="75"><counter type="INSTRUCTION" missed="112" covered="0"/><counter type="BRANCH" missed="16" covered="0"/><counter type="LINE" missed="9" covered="0"/><counter type="COMPLEXITY" missed="9" covered="0"/><counter type="METHOD" missed="1" covered="0"/></method><method name="task_3_a" desc="()Ljava/lang/String;" line="94"><counter type="INSTRUCTION" missed="30" covered="37"/><counter type="BRANCH" missed="6" covered="4"/><counter type="LINE" missed="0" covered="9"/><counter type="COMPLEXITY" missed="4" covered="2"/><counter type="METHOD" missed="0" covered="1"/></method><method name="task_3_b" desc="(Ljava/lang/String;)Ljava/lang/String;" line="113"><counter type="INSTRUCTION" missed="30" covered="48"/><counter type="BRANCH" missed="6" covered="4"/><counter type="LINE" missed="0" covered="10"/><counter type="COMPLEXITY" missed="4" covered="2"/><counter type="METHOD" missed="0" covered="1"/></method><method name="task_3_c" desc="(Ljava/lang/String;)Ljava/lang/String;" line="131"><counter type="INSTRUCTION" missed="30" covered="48"/><counter type="BRANCH" missed="6" covered="4"/><counter type="LINE" missed="0" covered="10"/><counter type="COMPLEXITY" missed="4" covered="2"/><counter type="METHOD" missed="0" covered="1"/></method><method name="task_3_d" desc="(Ljava/lang/String;)Ljava/lang/String;" line="149"><counter type="INSTRUCTION" missed="30" covered="48"/><counter type="BRANCH" missed="6" covered="4"/><counter type="LINE" missed="0" covered="10"/><counter type="COMPLEXITY" missed="4" covered="2"/><counter type="METHOD" missed="0" covered="1"/></method><method name="task_3_e" desc="()Ljava/lang/String;" line="167"><counter type="INSTRUCTION" missed="30" covered="37"/><counter type="BRANCH" missed="6" covered="4"/><counter type="LINE" missed="0" covered="9"/><counter type="COMPLEXITY" missed="4" covered="2"/><counter type="METHOD" missed="0" covered="1"/></method><method name="task_3_f" desc="()Ljava/lang/String;" line="184"><counter type="INSTRUCTION" missed="30" covered="37"/><counter type="BRANCH" missed="6" covered="4"/><counter type="LINE" missed="0" covered="9"/><counter type="COMPLEXITY" missed="4" covered="2"/><counter type="METHOD" missed="0" covered="1"/></method><method name="task_3_g" desc="(Ljava/lang/String;)Ljava/lang/String;" line="201"><counter type="INSTRUCTION" missed="30" covered="48"/><counter type="BRANCH" missed="6" covered="4"/><counter type="LINE" missed="0" covered="10"/><counter type="COMPLEXITY" missed="4" covered="2"/><counter type="METHOD" missed="0" covered="1"/></method><method name="task_3_h" desc="()Ljava/lang/String;" line="219"><counter type="INSTRUCTION" missed="30" covered="37"/><counter type="BRANCH" missed="6" covered="4"/><counter type="LINE" missed="0" covered="9"/><counter type="COMPLEXITY" missed="4" covered="2"/><counter type="METHOD" missed="0" covered="1"/></method><method name="task_3_i" desc="()Ljava/lang/String;" line="236"><counter type="INSTRUCTION" missed="30" covered="37"/><counter type="BRANCH" missed="6" covered="4"/><counter type="LINE" missed="0" covered="9"/><counter type="COMPLEXITY" missed="4" covered="2"/><counter type="METHOD" missed="0" covered="1"/></method><method name="task_3_j" desc="(Ljava/lang/String;)Ljava/lang/String;" line="253"><counter type="INSTRUCTION" missed="30" covered="48"/><counter type="BRANCH" missed="6" covered="4"/><counter type="LINE" missed="0" covered="10"/><counter type="COMPLEXITY" missed="4" covered="2"/><counter type="METHOD" missed="0" covered="1"/></method><method name="task_4_a" desc="(Ljava/lang/String;)Ljava/lang/String;" line="271"><counter type="INSTRUCTION" missed="30" covered="48"/><counter type="BRANCH" missed="6" covered="4"/><counter type="LINE" missed="0" covered="10"/><counter type="COMPLEXITY" missed="4" covered="2"/><counter type="METHOD" missed="0" covered="1"/></method><method name="task_4_b" desc="(I)Ljava/lang/String;" line="289"><counter type="INSTRUCTION" missed="30" covered="49"/><counter type="BRANCH" missed="6" covered="4"/><counter type="LINE" missed="0" covered="10"/><counter type="COMPLEXITY" missed="4" covered="2"/><counter type="METHOD" missed="0" covered="1"/></method><method name="task_4_c" desc="()Ljava/lang/String;" line="307"><counter type="INSTRUCTION" missed="30" covered="37"/><counter type="BRANCH" missed="6" covered="4"/><counter type="LINE" missed="0" covered="9"/><counter type="COMPLEXITY" missed="4" covered="2"/><counter type="METHOD" missed="0" covered="1"/></method><method name="task_4_d" desc="(Ljava/lang/String;)Ljava/lang/String;" line="324"><counter type="INSTRUCTION" missed="30" covered="48"/><counter type="BRANCH" missed="6" covered="4"/><counter type="LINE" missed="0" covered="10"/><counter type="COMPLEXITY" missed="4" covered="2"/><counter type="METHOD" missed="0" covered="1"/></method><method name="task_4_i" desc="()Ljava/lang/String;" line="342"><counter type="INSTRUCTION" missed="30" covered="37"/><counter type="BRANCH" missed="6" covered="4"/><counter type="LINE" missed="0" covered="9"/><counter type="COMPLEXITY" missed="4" covered="2"/><counter type="METHOD" missed="0" covered="1"/></method><method name="close" desc="()V" line="359"><counter type="INSTRUCTION" missed="4" covered="0"/><counter type="LINE" missed="2" covered="0"/><counter type="COMPLEXITY" missed="1" covered="0"/><counter type="METHOD" missed="1" covered="0"/></method><method name="main" desc="([Ljava/lang/String;)V" line="364"><counter type="INSTRUCTION" missed="10" covered="0"/><counter type="LINE" missed="3" covered="0"/><counter type="COMPLEXITY" missed="1" covered="0"/><counter type="METHOD" missed="1" covered="0"/></method><counter type="INSTRUCTION" missed="939" covered="654"/><counter type="BRANCH" missed="154" covered="60"/><counter type="LINE" missed="44" covered="146"/><counter type="COMPLEXITY" missed="98" covered="31"/><counter type="METHOD" missed="6" covered="16"/><counter type="CLASS" missed="0" covered="1"/></class><sourcefile name="Lab3_main.java"><line nr="11" mi="0" ci="2" mb="0" cb="0"/><line nr="12" mi="0" ci="7" mb="0" cb="0"/><line nr="13" mi="0" ci="1" mb="0" cb="0"/><line nr="17" mi="11" ci="0" mb="0" cb="0"/><line nr="19" mi="10" ci="0" mb="0" cb="0"/><line nr="21" mi="21" ci="0" mb="0" cb="0"/><line nr="25" mi="1" ci="0" mb="0" cb="0"/><line nr="27" mi="9" ci="0" mb="0" cb="0"/><line nr="28" mi="18" ci="0" mb="0" cb="0"/><line nr="32" mi="2" ci="0" mb="0" cb="0"/><line nr="33" mi="32" ci="0" mb="8" cb="0"/><line nr="34" mi="32" ci="0" mb="8" cb="0"/><line nr="35" mi="1" ci="0" mb="0" cb="0"/><line nr="39" mi="11" ci="0" mb="0" cb="0"/><line nr="41" mi="10" ci="0" mb="0" cb="0"/><line nr="43" mi="13" ci="0" mb="0" cb="0"/><line nr="45" mi="1" ci="0" mb="0" cb="0"/><line nr="46" mi="9" ci="0" mb="0" cb="0"/><line nr="47" mi="2" ci="0" mb="0" cb="0"/><line nr="50" mi="2" ci="0" mb="0" cb="0"/><line nr="51" mi="32" ci="0" mb="8" cb="0"/><line nr="52" mi="32" ci="0" mb="8" cb="0"/><line nr="53" mi="1" ci="0" mb="0" cb="0"/><line nr="57" mi="11" ci="0" mb="0" cb="0"/><line nr="59" mi="10" ci="0" mb="0" cb="0"/><line nr="61" mi="13" ci="0" mb="0" cb="0"/><line nr="63" mi="1" ci="0" mb="0" cb="0"/><line nr="64" mi="9" ci="0" mb="0" cb="0"/><line nr="65" mi="2" ci="0" mb="0" cb="0"/><line nr="68" mi="2" ci="0" mb="0" cb="0"/><line nr="69" mi="32" ci="0" mb="8" cb="0"/><line nr="70" mi="32" ci="0" mb="8" cb="0"/><line nr="71" mi="1" ci="0" mb="0" cb="0"/><line nr="75" mi="11" ci="0" mb="0" cb="0"/><line nr="77" mi="10" ci="0" mb="0" cb="0"/><line nr="79" mi="21" ci="0" mb="0" cb="0"/><line nr="83" mi="1" ci="0" mb="0" cb="0"/><line nr="85" mi="2" ci="0" mb="0" cb="0"/><line nr="87" mi="2" ci="0" mb="0" cb="0"/><line nr="88" mi="32" ci="0" mb="8" cb="0"/><line nr="89" mi="32" ci="0" mb="8" cb="0"/><line nr="90" mi="1" ci="0" mb="0" cb="0"/><line nr="94" mi="0" ci="4" mb="0" cb="0"/><line nr="96" mi="5" ci="6" mb="0" cb="0"/><line nr="98" mi="0" ci="4" mb="0" cb="0"/><line nr="101" mi="0" ci="3" mb="0" cb="2"/><line nr="103" mi="0" ci="3" mb="0" cb="0"/><line nr="104" mi="0" ci="6" mb="0" cb="0"/><line nr="105" mi="0" ci="1" mb="0" cb="0"/><line nr="106" mi="25" ci="7" mb="6" cb="2"/><line nr="108" mi="0" ci="3" mb="0" cb="0"/><line nr="113" mi="0" ci="4" mb="0" cb="0"/><line nr="114" mi="5" ci="6" mb="0" cb="0"/><line nr="116" mi="0" ci="14" mb="0" cb="0"/><line nr="118" mi="0" ci="1" mb="0" cb="0"/><line nr="120" mi="0" ci="3" mb="0" cb="2"/><line nr="122" mi="0" ci="3" mb="0" cb="0"/><line nr="123" mi="0" ci="6" mb="0" cb="0"/><line nr="124" mi="0" ci="1" mb="0" cb="0"/><line nr="125" mi="25" ci="7" mb="6" cb="2"/><line nr="126" mi="0" ci="3" mb="0" cb="0"/><line nr="131" mi="0" ci="4" mb="0" cb="0"/><line nr="132" mi="5" ci="6" mb="0" cb="0"/><line nr="134" mi="0" ci="14" mb="0" cb="0"/><line nr="136" mi="0" ci="1" mb="0" cb="0"/><line nr="138" mi="0" ci="3" mb="0" cb="2"/><line nr="140" mi="0" ci="3" mb="0" cb="0"/><line nr="141" mi="0" ci="6" mb="0" cb="0"/><line nr="142" mi="0" ci="1" mb="0" cb="0"/><line nr="143" mi="25" ci="7" mb="6" cb="2"/><line nr="144" mi="0" ci="3" mb="0" cb="0"/><line nr="149" mi="0" ci="4" mb="0" cb="0"/><line nr="150" mi="5" ci="6" mb="0" cb="0"/><line nr="152" mi="0" ci="14" mb="0" cb="0"/><line nr="154" mi="0" ci="1" mb="0" cb="0"/><line nr="156" mi="0" ci="3" mb="0" cb="2"/><line nr="158" mi="0" ci="3" mb="0" cb="0"/><line nr="159" mi="0" ci="6" mb="0" cb="0"/><line nr="160" mi="0" ci="1" mb="0" cb="0"/><line nr="161" mi="25" ci="7" mb="6" cb="2"/><line nr="162" mi="0" ci="3" mb="0" cb="0"/><line nr="167" mi="0" ci="4" mb="0" cb="0"/><line nr="168" mi="5" ci="6" mb="0" cb="0"/><line nr="170" mi="0" ci="4" mb="0" cb="0"/><line nr="173" mi="0" ci="3" mb="0" cb="2"/><line nr="175" mi="0" ci="3" mb="0" cb="0"/><line nr="176" mi="0" ci="6" mb="0" cb="0"/><line nr="177" mi="0" ci="1" mb="0" cb="0"/><line nr="178" mi="25" ci="7" mb="6" cb="2"/><line nr="179" mi="0" ci="3" mb="0" cb="0"/><line nr="184" mi="0" ci="4" mb="0" cb="0"/><line nr="185" mi="5" ci="6" mb="0" cb="0"/><line nr="187" mi="0" ci="4" mb="0" cb="0"/><line nr="190" mi="0" ci="3" mb="0" cb="2"/><line nr="192" mi="0" ci="3" mb="0" cb="0"/><line nr="193" mi="0" ci="6" mb="0" cb="0"/><line nr="194" mi="0" ci="1" mb="0" cb="0"/><line nr="195" mi="25" ci="7" mb="6" cb="2"/><line nr="196" mi="0" ci="3" mb="0" cb="0"/><line nr="201" mi="0" ci="4" mb="0" cb="0"/><line nr="202" mi="5" ci="6" mb="0" cb="0"/><line nr="204" mi="0" ci="14" mb="0" cb="0"/><line nr="206" mi="0" ci="1" mb="0" cb="0"/><line nr="208" mi="0" ci="3" mb="0" cb="2"/><line nr="210" mi="0" ci="3" mb="0" cb="0"/><line nr="211" mi="0" ci="6" mb="0" cb="0"/><line nr="212" mi="0" ci="1" mb="0" cb="0"/><line nr="213" mi="25" ci="7" mb="6" cb="2"/><line nr="214" mi="0" ci="3" mb="0" cb="0"/><line nr="219" mi="0" ci="4" mb="0" cb="0"/><line nr="220" mi="5" ci="6" mb="0" cb="0"/><line nr="222" mi="0" ci="4" mb="0" cb="0"/><line nr="225" mi="0" ci="3" mb="0" cb="2"/><line nr="227" mi="0" ci="3" mb="0" cb="0"/><line nr="228" mi="0" ci="6" mb="0" cb="0"/><line nr="229" mi="0" ci="1" mb="0" cb="0"/><line nr="230" mi="25" ci="7" mb="6" cb="2"/><line nr="231" mi="0" ci="3" mb="0" cb="0"/><line nr="236" mi="0" ci="4" mb="0" cb="0"/><line nr="237" mi="5" ci="6" mb="0" cb="0"/><line nr="239" mi="0" ci="4" mb="0" cb="0"/><line nr="242" mi="0" ci="3" mb="0" cb="2"/><line nr="244" mi="0" ci="3" mb="0" cb="0"/><line nr="245" mi="0" ci="6" mb="0" cb="0"/><line nr="246" mi="0" ci="1" mb="0" cb="0"/><line nr="247" mi="25" ci="7" mb="6" cb="2"/><line nr="248" mi="0" ci="3" mb="0" cb="0"/><line nr="253" mi="0" ci="4" mb="0" cb="0"/><line nr="254" mi="5" ci="6" mb="0" cb="0"/><line nr="256" mi="0" ci="14" mb="0" cb="0"/><line nr="258" mi="0" ci="1" mb="0" cb="0"/><line nr="260" mi="0" ci="3" mb="0" cb="2"/><line nr="262" mi="0" ci="3" mb="0" cb="0"/><line nr="263" mi="0" ci="6" mb="0" cb="0"/><line nr="264" mi="0" ci="1" mb="0" cb="0"/><line nr="265" mi="25" ci="7" mb="6" cb="2"/><line nr="266" mi="0" ci="3" mb="0" cb="0"/><line nr="271" mi="0" ci="4" mb="0" cb="0"/><line nr="272" mi="5" ci="6" mb="0" cb="0"/><line nr="274" mi="0" ci="14" mb="0" cb="0"/><line nr="276" mi="0" ci="1" mb="0" cb="0"/><line nr="278" mi="0" ci="3" mb="0" cb="2"/><line nr="280" mi="0" ci="3" mb="0" cb="0"/><line nr="281" mi="0" ci="6" mb="0" cb="0"/><line nr="282" mi="0" ci="1" mb="0" cb="0"/><line nr="283" mi="25" ci="7" mb="6" cb="2"/><line nr="284" mi="0" ci="3" mb="0" cb="0"/><line nr="289" mi="0" ci="4" mb="0" cb="0"/><line nr="290" mi="5" ci="6" mb="0" cb="0"/><line nr="292" mi="0" ci="13" mb="0" cb="0"/><line nr="294" mi="0" ci="3" mb="0" cb="0"/><line nr="296" mi="0" ci="3" mb="0" cb="2"/><line nr="298" mi="0" ci="3" mb="0" cb="0"/><line nr="299" mi="0" ci="6" mb="0" cb="0"/><line nr="300" mi="0" ci="1" mb="0" cb="0"/><line nr="301" mi="25" ci="7" mb="6" cb="2"/><line nr="302" mi="0" ci="3" mb="0" cb="0"/><line nr="307" mi="0" ci="4" mb="0" cb="0"/><line nr="308" mi="5" ci="6" mb="0" cb="0"/><line nr="310" mi="0" ci="4" mb="0" cb="0"/><line nr="313" mi="0" ci="3" mb="0" cb="2"/><line nr="315" mi="0" ci="3" mb="0" cb="0"/><line nr="316" mi="0" ci="6" mb="0" cb="0"/><line nr="317" mi="0" ci="1" mb="0" cb="0"/><line nr="318" mi="25" ci="7" mb="6" cb="2"/><line nr="319" mi="0" ci="3" mb="0" cb="0"/><line nr="324" mi="0" ci="4" mb="0" cb="0"/><line nr="325" mi="5" ci="6" mb="0" cb="0"/><line nr="327" mi="0" ci="14" mb="0" cb="0"/><line nr="329" mi="0" ci="1" mb="0" cb="0"/><line nr="331" mi="0" ci="3" mb="0" cb="2"/><line nr="333" mi="0" ci="3" mb="0" cb="0"/><line nr="334" mi="0" ci="6" mb="0" cb="0"/><line nr="335" mi="0" ci="1" mb="0" cb="0"/><line nr="336" mi="25" ci="7" mb="6" cb="2"/><line nr="337" mi="0" ci="3" mb="0" cb="0"/><line nr="342" mi="0" ci="4" mb="0" cb="0"/><line nr="343" mi="5" ci="6" mb="0" cb="0"/><line nr="345" mi="0" ci="4" mb="0" cb="0"/><line nr="348" mi="0" ci="3" mb="0" cb="2"/><line nr="350" mi="0" ci="3" mb="0" cb="0"/><line nr="351" mi="0" ci="6" mb="0" cb="0"/><line nr="352" mi="0" ci="1" mb="0" cb="0"/><line nr="353" mi="25" ci="7" mb="6" cb="2"/><line nr="354" mi="0" ci="3" mb="0" cb="0"/><line nr="359" mi="3" ci="0" mb="0" cb="0"/><line nr="360" mi="1" ci="0" mb="0" cb="0"/><line nr="364" mi="7" ci="0" mb="0" cb="0"/><line nr="430" mi="2" ci="0" mb="0" cb="0"/><line nr="431" mi="1" ci="0" mb="0" cb="0"/><counter type="INSTRUCTION" missed="939" covered="654"/><counter type="BRANCH" missed="154" covered="60"/><counter type="LINE" missed="44" covered="146"/><counter type="COMPLEXITY" missed="98" covered="31"/><counter type="METHOD" missed="6" covered="16"/><counter type="CLASS" missed="0" covered="1"/></sourcefile><counter type="INSTRUCTION" missed="939" covered="654"/><counter type="BRANCH" missed="154" covered="60"/><counter type="LINE" missed="44" covered="146"/><counter type="COMPLEXITY" missed="98" covered="31"/><counter type="METHOD" missed="6" covered="16"/><counter type="CLASS" missed="0" covered="1"/></package><counter type="INSTRUCTION" missed="939" covered="654"/><counter type="BRANCH" missed="154" covered="60"/><counter type="LINE" missed="44" covered="146"/><counter type="COMPLEXITY" missed="98" covered="31"/><counter type="METHOD" missed="6" covered="16"/><counter type="CLASS" missed="0" covered="1"/></report>